<?xml version="1.0" encoding="UTF-8"?>
<!-- Generated by org.testng.reporters.JUnitXMLReporter -->
<testsuite hostname="DESKTOP-0IHV38H" name="Default test" tests="3" failures="0" timestamp="3 Sep 2020 12:09:48 GMT" time="15.929" errors="0">
  <testcase name="enterlogin" time="4.655" classname="testcases.Verifylogin"/>
  <testcase name="geturl" time="0.006" classname="testcases.Verifylogin"/>
  <testcase name="vlip" time="0.787" classname="testcases.Verifylogin"/>
</testsuite> <!-- Default test -->
