<?xml version="1.0" encoding="UTF-8"?>
<testng-results skipped="0" failed="0" total="3" passed="3">
  <reporter-output>
  </reporter-output>
  <suite name="Default suite" duration-ms="15929" started-at="2020-09-03T12:09:32Z" finished-at="2020-09-03T12:09:48Z">
    <groups>
    </groups>
    <test name="Default test" duration-ms="15929" started-at="2020-09-03T12:09:32Z" finished-at="2020-09-03T12:09:48Z">
      <class name="testcases.Verifylogin">
        <test-method status="PASS" signature="beforetest()[pri:0, instance:testcases.Verifylogin@573f2bb1]" name="beforetest" is-config="true" duration-ms="9348" started-at="2020-09-03T17:39:32Z" finished-at="2020-09-03T17:39:41Z">
          <reporter-output>
          </reporter-output>
        </test-method> <!-- beforetest -->
        <test-method status="PASS" signature="enterlogin()[pri:0, instance:testcases.Verifylogin@573f2bb1]" name="enterlogin" duration-ms="4655" started-at="2020-09-03T17:39:41Z" finished-at="2020-09-03T17:39:46Z">
          <reporter-output>
          </reporter-output>
        </test-method> <!-- enterlogin -->
        <test-method status="PASS" signature="screenshot(org.testng.ITestResult)[pri:0, instance:testcases.Verifylogin@573f2bb1]" name="screenshot" is-config="true" duration-ms="0" started-at="2020-09-03T17:39:46Z" finished-at="2020-09-03T17:39:46Z">
          <params>
            <param index="0">
              <value>
                <![CDATA[[TestResult name=enterlogin status=SUCCESS method=Verifylogin.enterlogin()[pri:0, instance:testcases.Verifylogin@573f2bb1] output={null}]]]>
              </value>
            </param>
          </params>
          <reporter-output>
          </reporter-output>
        </test-method> <!-- screenshot -->
        <test-method status="PASS" signature="geturl()[pri:0, instance:testcases.Verifylogin@573f2bb1]" name="geturl" duration-ms="6" started-at="2020-09-03T17:39:46Z" finished-at="2020-09-03T17:39:46Z">
          <reporter-output>
          </reporter-output>
        </test-method> <!-- geturl -->
        <test-method status="PASS" signature="screenshot(org.testng.ITestResult)[pri:0, instance:testcases.Verifylogin@573f2bb1]" name="screenshot" is-config="true" duration-ms="0" started-at="2020-09-03T17:39:46Z" finished-at="2020-09-03T17:39:46Z">
          <params>
            <param index="0">
              <value>
                <![CDATA[[TestResult name=geturl status=SUCCESS method=Verifylogin.geturl()[pri:0, instance:testcases.Verifylogin@573f2bb1] output={null}]]]>
              </value>
            </param>
          </params>
          <reporter-output>
          </reporter-output>
        </test-method> <!-- screenshot -->
        <test-method status="PASS" signature="vlip()[pri:0, instance:testcases.Verifylogin@573f2bb1]" name="vlip" duration-ms="787" started-at="2020-09-03T17:39:46Z" finished-at="2020-09-03T17:39:47Z">
          <reporter-output>
          </reporter-output>
        </test-method> <!-- vlip -->
        <test-method status="PASS" signature="screenshot(org.testng.ITestResult)[pri:0, instance:testcases.Verifylogin@573f2bb1]" name="screenshot" is-config="true" duration-ms="0" started-at="2020-09-03T17:39:47Z" finished-at="2020-09-03T17:39:47Z">
          <params>
            <param index="0">
              <value>
                <![CDATA[[TestResult name=vlip status=SUCCESS method=Verifylogin.vlip()[pri:0, instance:testcases.Verifylogin@573f2bb1] output={null}]]]>
              </value>
            </param>
          </params>
          <reporter-output>
          </reporter-output>
        </test-method> <!-- screenshot -->
        <test-method status="PASS" signature="aftertest()[pri:0, instance:testcases.Verifylogin@573f2bb1]" name="aftertest" is-config="true" duration-ms="1081" started-at="2020-09-03T17:39:47Z" finished-at="2020-09-03T17:39:48Z">
          <reporter-output>
          </reporter-output>
        </test-method> <!-- aftertest -->
      </class> <!-- testcases.Verifylogin -->
    </test> <!-- Default test -->
  </suite> <!-- Default suite -->
</testng-results>
